Key.shift
'T'
'h'
'i'
's'
Key.space
's'
'i'
Key.space
Key.backspace
Key.backspace
Key.backspace
'i'
's'
Key.space
'a'
Key.space
Key.shift
'F'
'i'
'l'
'e'
Key.space
'w'
'r'
'i'
't'
't'
't'
'e'
'n'
Key.space
'i'
'n'
Key.space
'e'
'n'
'g'
'l'
'i'
's'
'h'
'.'
Key.enter
Key.shift
'E'
'm'
'a'
'i'
'l'
Key.space
Key.shift_r
':'
Key.space
'z'
'z'
'x'
'd'
'f'
Key.shift_r
'@'
'g'
'm'
'a'
'i'
'l'
'.'
'c'
'o'
'm'
Key.enter
'p'
'a'
's'
's'
'w'
'o'
'r'
'd'
Key.space
Key.shift_r
':'
Key.space
<97>
<98>
<99>
<97>
<98>
<99>
<97>
<98>
<99>
Key.ctrl_l
Key.ctrl_l
<107>
<107>
<107>
<107>
Key.print_screen
Key.esc
Key.esc
Key.esc
Key.alt_l
Key.tab
Key.alt_l
Key.tab
Key.print_screen
Key.ctrl_l
'\x13'
Key.ctrl_l
'\x13'
'a'
'f'
't'
'e'
'r'
Key.shift
'T'
'y'
'p'
'i'
'n'
'g'
Key.enter
